c:\users\trevor\documents\github\8puzzle\aiproject\debug\vc140.pdb
c:\users\trevor\documents\github\8puzzle\aiproject\debug\vc140.idb
c:\users\trevor\documents\github\8puzzle\aiproject\debug\main.obj
c:\users\trevor\documents\github\8puzzle\aiproject\debug\board.obj
c:\users\trevor\documents\github\8puzzle\aiproject\debug\position.obj
c:\users\trevor\documents\github\8puzzle\debug\aiproject.pdb
c:\users\trevor\documents\github\8puzzle\aiproject\debug\aiproject.tlog\cl.command.1.tlog
c:\users\trevor\documents\github\8puzzle\aiproject\debug\aiproject.tlog\cl.read.1.tlog
c:\users\trevor\documents\github\8puzzle\aiproject\debug\aiproject.tlog\cl.write.1.tlog
c:\users\trevor\documents\github\8puzzle\aiproject\debug\aiproject.tlog\link-cvtres.read.1.tlog
c:\users\trevor\documents\github\8puzzle\aiproject\debug\aiproject.tlog\link-cvtres.write.1.tlog
c:\users\trevor\documents\github\8puzzle\aiproject\debug\aiproject.tlog\link-rc.read.1.tlog
c:\users\trevor\documents\github\8puzzle\aiproject\debug\aiproject.tlog\link-rc.write.1.tlog
c:\users\trevor\documents\github\8puzzle\aiproject\debug\aiproject.tlog\link.1876-cvtres.read.1.tlog
c:\users\trevor\documents\github\8puzzle\aiproject\debug\aiproject.tlog\link.1876-cvtres.write.1.tlog
c:\users\trevor\documents\github\8puzzle\aiproject\debug\aiproject.tlog\link.1876-rc.read.1.tlog
c:\users\trevor\documents\github\8puzzle\aiproject\debug\aiproject.tlog\link.1876-rc.write.1.tlog
c:\users\trevor\documents\github\8puzzle\aiproject\debug\aiproject.tlog\link.1876.read.1.tlog
c:\users\trevor\documents\github\8puzzle\aiproject\debug\aiproject.tlog\link.1876.write.1.tlog
c:\users\trevor\documents\github\8puzzle\aiproject\debug\aiproject.tlog\link.command.1.tlog
c:\users\trevor\documents\github\8puzzle\aiproject\debug\aiproject.tlog\link.read.1.tlog
c:\users\trevor\documents\github\8puzzle\aiproject\debug\aiproject.tlog\link.write.1.tlog
